Release 14.7 - xst P.20131013 (lin64)
Copyright (c) 1995-2013 Xilinx, Inc.  All rights reserved.
--> 
Parameter TMPDIR set to xst/projnav.tmp


Total REAL time to Xst completion: 0.00 secs
Total CPU time to Xst completion: 0.05 secs
 
--> 
Parameter xsthdpdir set to xst


Total REAL time to Xst completion: 0.00 secs
Total CPU time to Xst completion: 0.05 secs
 
--> 
Reading design: dl_parser.prj

TABLE OF CONTENTS
  1) Synthesis Options Summary
  2) HDL Parsing
  3) HDL Elaboration
  4) HDL Synthesis
       4.1) HDL Synthesis Report
  5) Advanced HDL Synthesis
       5.1) Advanced HDL Synthesis Report
  6) Low Level Synthesis
  7) Partition Report
  8) Design Summary
       8.1) Primitive and Black Box Usage
       8.2) Device utilization summary
       8.3) Partition Resource Summary
       8.4) Timing Report
            8.4.1) Clock Information
            8.4.2) Asynchronous Control Signals Information
            8.4.3) Timing Summary
            8.4.4) Timing Details
            8.4.5) Cross Clock Domains Report


=========================================================================
*                      Synthesis Options Summary                        *
=========================================================================
---- Source Parameters
Input File Name                    : "dl_parser.prj"
Ignore Synthesis Constraint File   : NO

---- Target Parameters
Output File Name                   : "dl_parser"
Output Format                      : NGC
Target Device                      : xc7k325t-1-ffg676

---- Source Options
Top Module Name                    : dl_parser
Automatic FSM Extraction           : YES
FSM Encoding Algorithm             : Auto
Safe Implementation                : No
FSM Style                          : LUT
RAM Extraction                     : Yes
RAM Style                          : Auto
ROM Extraction                     : Yes
Shift Register Extraction          : YES
ROM Style                          : Auto
Resource Sharing                   : YES
Asynchronous To Synchronous        : NO
Shift Register Minimum Size        : 2
Use DSP Block                      : Auto
Automatic Register Balancing       : No

---- Target Options
LUT Combining                      : Auto
Reduce Control Sets                : Auto
Add IO Buffers                     : YES
Global Maximum Fanout              : 100000
Add Generic Clock Buffer(BUFG)     : 32
Register Duplication               : YES
Optimize Instantiated Primitives   : NO
Use Clock Enable                   : Auto
Use Synchronous Set                : Auto
Use Synchronous Reset              : Auto
Pack IO Registers into IOBs        : Auto
Equivalent register Removal        : YES

---- General Options
Optimization Goal                  : Speed
Optimization Effort                : 1
Power Reduction                    : NO
Keep Hierarchy                     : No
Netlist Hierarchy                  : As_Optimized
RTL Output                         : Yes
Global Optimization                : AllClockNets
Read Cores                         : YES
Write Timing Constraints           : NO
Cross Clock Analysis               : NO
Hierarchy Separator                : /
Bus Delimiter                      : <>
Case Specifier                     : Maintain
Slice Utilization Ratio            : 100
BRAM Utilization Ratio             : 100
DSP48 Utilization Ratio            : 100
Auto BRAM Packing                  : NO
Slice Utilization Ratio Delta      : 5

=========================================================================


=========================================================================
*                          HDL Parsing                                  *
=========================================================================
Analyzing Verilog file "/home/shimizu/openflow1.3/dl_parser/dl_parser.v" into library work
Parsing module <dl_parser>.

=========================================================================
*                            HDL Elaboration                            *
=========================================================================

Elaborating module <dl_parser>.
WARNING:HDLCompiler:1127 - "/home/shimizu/openflow1.3/dl_parser/dl_parser.v" Line 164: Assignment to tx_valid_int ignored, since the identifier is never used

=========================================================================
*                           HDL Synthesis                               *
=========================================================================

Synthesizing Unit <dl_parser>.
    Related source file is "/home/shimizu/openflow1.3/dl_parser/dl_parser.v".
        C_AXIS_DATA_WIDTH = 64
        C_AXIS_LEN_DATA_WIDTH = 16
        C_AXIS_SPT_DATA_WIDTH = 8
WARNING:Xst:647 - Input <tx_data> is never used. This port will be preserved and left unconnected if it belongs to a top-level block or it belongs to a sub-block and the hierarchy of this sub-block is preserved.
WARNING:Xst:647 - Input <tx_strb> is never used. This port will be preserved and left unconnected if it belongs to a top-level block or it belongs to a sub-block and the hierarchy of this sub-block is preserved.
WARNING:Xst:647 - Input <tx_len_data> is never used. This port will be preserved and left unconnected if it belongs to a top-level block or it belongs to a sub-block and the hierarchy of this sub-block is preserved.
WARNING:Xst:647 - Input <tx_spt_data> is never used. This port will be preserved and left unconnected if it belongs to a top-level block or it belongs to a sub-block and the hierarchy of this sub-block is preserved.
WARNING:Xst:647 - Input <tx_valid> is never used. This port will be preserved and left unconnected if it belongs to a top-level block or it belongs to a sub-block and the hierarchy of this sub-block is preserved.
WARNING:Xst:647 - Input <compose_done> is never used. This port will be preserved and left unconnected if it belongs to a top-level block or it belongs to a sub-block and the hierarchy of this sub-block is preserved.
WARNING:Xst:653 - Signal <dl_done> is used but never assigned. This sourceless signal will be automatically connected to value GND.
WARNING:Xst:653 - Signal <arp_done> is used but never assigned. This sourceless signal will be automatically connected to value GND.
WARNING:Xst:653 - Signal <ip_tp_done> is used but never assigned. This sourceless signal will be automatically connected to value GND.
    Found 3-bit register for signal <dt_rd_state>.
    Found 32-bit register for signal <dl_parse_cnt>.
    Found 32-bit register for signal <arp_parse_cnt>.
    Found 32-bit register for signal <ip_tp_parse_cnt>.
    Found finite state machine <FSM_0> for signal <dt_rd_state>.
    -----------------------------------------------------------------------
    | States             | 3                                              |
    | Transitions        | 6                                              |
    | Inputs             | 3                                              |
    | Outputs            | 3                                              |
    | Clock              | asclk (rising_edge)                            |
    | Reset              | aresetn_INV_8_o (positive)                     |
    | Reset type         | synchronous                                    |
    | Reset State        | 001                                            |
    | Encoding           | auto                                           |
    | Implementation     | LUT                                            |
    -----------------------------------------------------------------------
    Summary:
	inferred  96 D-type flip-flop(s).
	inferred   2 Multiplexer(s).
	inferred   1 Finite State Machine(s).
Unit <dl_parser> synthesized.

=========================================================================
HDL Synthesis Report

Macro Statistics
# Registers                                            : 3
 32-bit register                                       : 3
# Multiplexers                                         : 2
 1-bit 2-to-1 multiplexer                              : 2
# FSMs                                                 : 1

=========================================================================

=========================================================================
*                       Advanced HDL Synthesis                          *
=========================================================================

WARNING:Xst:1710 - FF/Latch <arp_parse_cnt_7> (without init value) has a constant value of 0 in block <dl_parser>. This FF/Latch will be trimmed during the optimization process.
WARNING:Xst:1895 - Due to other FF/Latch trimming, FF/Latch <arp_parse_cnt_6> (without init value) has a constant value of 0 in block <dl_parser>. This FF/Latch will be trimmed during the optimization process.
WARNING:Xst:1895 - Due to other FF/Latch trimming, FF/Latch <arp_parse_cnt_5> (without init value) has a constant value of 0 in block <dl_parser>. This FF/Latch will be trimmed during the optimization process.
WARNING:Xst:1895 - Due to other FF/Latch trimming, FF/Latch <arp_parse_cnt_4> (without init value) has a constant value of 0 in block <dl_parser>. This FF/Latch will be trimmed during the optimization process.
WARNING:Xst:1895 - Due to other FF/Latch trimming, FF/Latch <arp_parse_cnt_3> (without init value) has a constant value of 0 in block <dl_parser>. This FF/Latch will be trimmed during the optimization process.
WARNING:Xst:1895 - Due to other FF/Latch trimming, FF/Latch <arp_parse_cnt_2> (without init value) has a constant value of 0 in block <dl_parser>. This FF/Latch will be trimmed during the optimization process.
WARNING:Xst:1895 - Due to other FF/Latch trimming, FF/Latch <arp_parse_cnt_1> (without init value) has a constant value of 0 in block <dl_parser>. This FF/Latch will be trimmed during the optimization process.
WARNING:Xst:1895 - Due to other FF/Latch trimming, FF/Latch <arp_parse_cnt_0> (without init value) has a constant value of 0 in block <dl_parser>. This FF/Latch will be trimmed during the optimization process.
WARNING:Xst:1895 - Due to other FF/Latch trimming, FF/Latch <dl_parse_cnt_31> (without init value) has a constant value of 0 in block <dl_parser>. This FF/Latch will be trimmed during the optimization process.
WARNING:Xst:1895 - Due to other FF/Latch trimming, FF/Latch <dl_parse_cnt_30> (without init value) has a constant value of 0 in block <dl_parser>. This FF/Latch will be trimmed during the optimization process.
WARNING:Xst:1895 - Due to other FF/Latch trimming, FF/Latch <dl_parse_cnt_29> (without init value) has a constant value of 0 in block <dl_parser>. This FF/Latch will be trimmed during the optimization process.
WARNING:Xst:1895 - Due to other FF/Latch trimming, FF/Latch <dl_parse_cnt_28> (without init value) has a constant value of 0 in block <dl_parser>. This FF/Latch will be trimmed during the optimization process.
WARNING:Xst:1895 - Due to other FF/Latch trimming, FF/Latch <dl_parse_cnt_27> (without init value) has a constant value of 0 in block <dl_parser>. This FF/Latch will be trimmed during the optimization process.
WARNING:Xst:1895 - Due to other FF/Latch trimming, FF/Latch <dl_parse_cnt_26> (without init value) has a constant value of 0 in block <dl_parser>. This FF/Latch will be trimmed during the optimization process.
WARNING:Xst:1895 - Due to other FF/Latch trimming, FF/Latch <dl_parse_cnt_25> (without init value) has a constant value of 0 in block <dl_parser>. This FF/Latch will be trimmed during the optimization process.
WARNING:Xst:1895 - Due to other FF/Latch trimming, FF/Latch <dl_parse_cnt_24> (without init value) has a constant value of 0 in block <dl_parser>. This FF/Latch will be trimmed during the optimization process.
WARNING:Xst:1895 - Due to other FF/Latch trimming, FF/Latch <dl_parse_cnt_23> (without init value) has a constant value of 0 in block <dl_parser>. This FF/Latch will be trimmed during the optimization process.
WARNING:Xst:1895 - Due to other FF/Latch trimming, FF/Latch <dl_parse_cnt_22> (without init value) has a constant value of 0 in block <dl_parser>. This FF/Latch will be trimmed during the optimization process.
WARNING:Xst:1895 - Due to other FF/Latch trimming, FF/Latch <dl_parse_cnt_21> (without init value) has a constant value of 0 in block <dl_parser>. This FF/Latch will be trimmed during the optimization process.
WARNING:Xst:1895 - Due to other FF/Latch trimming, FF/Latch <dl_parse_cnt_20> (without init value) has a constant value of 0 in block <dl_parser>. This FF/Latch will be trimmed during the optimization process.
WARNING:Xst:1895 - Due to other FF/Latch trimming, FF/Latch <dl_parse_cnt_19> (without init value) has a constant value of 0 in block <dl_parser>. This FF/Latch will be trimmed during the optimization process.
WARNING:Xst:1895 - Due to other FF/Latch trimming, FF/Latch <dl_parse_cnt_18> (without init value) has a constant value of 0 in block <dl_parser>. This FF/Latch will be trimmed during the optimization process.
WARNING:Xst:1895 - Due to other FF/Latch trimming, FF/Latch <dl_parse_cnt_17> (without init value) has a constant value of 0 in block <dl_parser>. This FF/Latch will be trimmed during the optimization process.
WARNING:Xst:1895 - Due to other FF/Latch trimming, FF/Latch <dl_parse_cnt_16> (without init value) has a constant value of 0 in block <dl_parser>. This FF/Latch will be trimmed during the optimization process.
WARNING:Xst:1895 - Due to other FF/Latch trimming, FF/Latch <arp_parse_cnt_31> (without init value) has a constant value of 0 in block <dl_parser>. This FF/Latch will be trimmed during the optimization process.
WARNING:Xst:1895 - Due to other FF/Latch trimming, FF/Latch <arp_parse_cnt_30> (without init value) has a constant value of 0 in block <dl_parser>. This FF/Latch will be trimmed during the optimization process.
WARNING:Xst:1895 - Due to other FF/Latch trimming, FF/Latch <arp_parse_cnt_29> (without init value) has a constant value of 0 in block <dl_parser>. This FF/Latch will be trimmed during the optimization process.
WARNING:Xst:1895 - Due to other FF/Latch trimming, FF/Latch <arp_parse_cnt_28> (without init value) has a constant value of 0 in block <dl_parser>. This FF/Latch will be trimmed during the optimization process.
WARNING:Xst:1895 - Due to other FF/Latch trimming, FF/Latch <arp_parse_cnt_27> (without init value) has a constant value of 0 in block <dl_parser>. This FF/Latch will be trimmed during the optimization process.
WARNING:Xst:1895 - Due to other FF/Latch trimming, FF/Latch <arp_parse_cnt_26> (without init value) has a constant value of 0 in block <dl_parser>. This FF/Latch will be trimmed during the optimization process.
WARNING:Xst:1895 - Due to other FF/Latch trimming, FF/Latch <arp_parse_cnt_25> (without init value) has a constant value of 0 in block <dl_parser>. This FF/Latch will be trimmed during the optimization process.
WARNING:Xst:1895 - Due to other FF/Latch trimming, FF/Latch <arp_parse_cnt_24> (without init value) has a constant value of 0 in block <dl_parser>. This FF/Latch will be trimmed during the optimization process.
WARNING:Xst:1895 - Due to other FF/Latch trimming, FF/Latch <arp_parse_cnt_23> (without init value) has a constant value of 0 in block <dl_parser>. This FF/Latch will be trimmed during the optimization process.
WARNING:Xst:1895 - Due to other FF/Latch trimming, FF/Latch <arp_parse_cnt_22> (without init value) has a constant value of 0 in block <dl_parser>. This FF/Latch will be trimmed during the optimization process.
WARNING:Xst:1895 - Due to other FF/Latch trimming, FF/Latch <arp_parse_cnt_21> (without init value) has a constant value of 0 in block <dl_parser>. This FF/Latch will be trimmed during the optimization process.
WARNING:Xst:1895 - Due to other FF/Latch trimming, FF/Latch <arp_parse_cnt_20> (without init value) has a constant value of 0 in block <dl_parser>. This FF/Latch will be trimmed during the optimization process.
WARNING:Xst:1895 - Due to other FF/Latch trimming, FF/Latch <arp_parse_cnt_19> (without init value) has a constant value of 0 in block <dl_parser>. This FF/Latch will be trimmed during the optimization process.
WARNING:Xst:1895 - Due to other FF/Latch trimming, FF/Latch <arp_parse_cnt_18> (without init value) has a constant value of 0 in block <dl_parser>. This FF/Latch will be trimmed during the optimization process.
WARNING:Xst:1895 - Due to other FF/Latch trimming, FF/Latch <arp_parse_cnt_17> (without init value) has a constant value of 0 in block <dl_parser>. This FF/Latch will be trimmed during the optimization process.
WARNING:Xst:1895 - Due to other FF/Latch trimming, FF/Latch <arp_parse_cnt_16> (without init value) has a constant value of 0 in block <dl_parser>. This FF/Latch will be trimmed during the optimization process.
WARNING:Xst:1895 - Due to other FF/Latch trimming, FF/Latch <arp_parse_cnt_15> (without init value) has a constant value of 0 in block <dl_parser>. This FF/Latch will be trimmed during the optimization process.
WARNING:Xst:1895 - Due to other FF/Latch trimming, FF/Latch <arp_parse_cnt_14> (without init value) has a constant value of 0 in block <dl_parser>. This FF/Latch will be trimmed during the optimization process.
WARNING:Xst:1895 - Due to other FF/Latch trimming, FF/Latch <arp_parse_cnt_13> (without init value) has a constant value of 0 in block <dl_parser>. This FF/Latch will be trimmed during the optimization process.
WARNING:Xst:1895 - Due to other FF/Latch trimming, FF/Latch <arp_parse_cnt_12> (without init value) has a constant value of 0 in block <dl_parser>. This FF/Latch will be trimmed during the optimization process.
WARNING:Xst:1895 - Due to other FF/Latch trimming, FF/Latch <arp_parse_cnt_11> (without init value) has a constant value of 0 in block <dl_parser>. This FF/Latch will be trimmed during the optimization process.
WARNING:Xst:1895 - Due to other FF/Latch trimming, FF/Latch <arp_parse_cnt_10> (without init value) has a constant value of 0 in block <dl_parser>. This FF/Latch will be trimmed during the optimization process.
WARNING:Xst:1895 - Due to other FF/Latch trimming, FF/Latch <arp_parse_cnt_9> (without init value) has a constant value of 0 in block <dl_parser>. This FF/Latch will be trimmed during the optimization process.
WARNING:Xst:1895 - Due to other FF/Latch trimming, FF/Latch <arp_parse_cnt_8> (without init value) has a constant value of 0 in block <dl_parser>. This FF/Latch will be trimmed during the optimization process.
WARNING:Xst:1895 - Due to other FF/Latch trimming, FF/Latch <ip_tp_parse_cnt_23> (without init value) has a constant value of 0 in block <dl_parser>. This FF/Latch will be trimmed during the optimization process.
WARNING:Xst:1895 - Due to other FF/Latch trimming, FF/Latch <ip_tp_parse_cnt_22> (without init value) has a constant value of 0 in block <dl_parser>. This FF/Latch will be trimmed during the optimization process.
WARNING:Xst:1895 - Due to other FF/Latch trimming, FF/Latch <ip_tp_parse_cnt_21> (without init value) has a constant value of 0 in block <dl_parser>. This FF/Latch will be trimmed during the optimization process.
WARNING:Xst:1895 - Due to other FF/Latch trimming, FF/Latch <ip_tp_parse_cnt_20> (without init value) has a constant value of 0 in block <dl_parser>. This FF/Latch will be trimmed during the optimization process.
WARNING:Xst:1895 - Due to other FF/Latch trimming, FF/Latch <ip_tp_parse_cnt_19> (without init value) has a constant value of 0 in block <dl_parser>. This FF/Latch will be trimmed during the optimization process.
WARNING:Xst:1895 - Due to other FF/Latch trimming, FF/Latch <ip_tp_parse_cnt_18> (without init value) has a constant value of 0 in block <dl_parser>. This FF/Latch will be trimmed during the optimization process.
WARNING:Xst:1895 - Due to other FF/Latch trimming, FF/Latch <ip_tp_parse_cnt_17> (without init value) has a constant value of 0 in block <dl_parser>. This FF/Latch will be trimmed during the optimization process.
WARNING:Xst:1895 - Due to other FF/Latch trimming, FF/Latch <ip_tp_parse_cnt_16> (without init value) has a constant value of 0 in block <dl_parser>. This FF/Latch will be trimmed during the optimization process.
WARNING:Xst:1895 - Due to other FF/Latch trimming, FF/Latch <ip_tp_parse_cnt_15> (without init value) has a constant value of 0 in block <dl_parser>. This FF/Latch will be trimmed during the optimization process.
WARNING:Xst:1895 - Due to other FF/Latch trimming, FF/Latch <ip_tp_parse_cnt_14> (without init value) has a constant value of 0 in block <dl_parser>. This FF/Latch will be trimmed during the optimization process.
WARNING:Xst:1895 - Due to other FF/Latch trimming, FF/Latch <ip_tp_parse_cnt_13> (without init value) has a constant value of 0 in block <dl_parser>. This FF/Latch will be trimmed during the optimization process.
WARNING:Xst:1895 - Due to other FF/Latch trimming, FF/Latch <ip_tp_parse_cnt_12> (without init value) has a constant value of 0 in block <dl_parser>. This FF/Latch will be trimmed during the optimization process.
WARNING:Xst:1895 - Due to other FF/Latch trimming, FF/Latch <ip_tp_parse_cnt_11> (without init value) has a constant value of 0 in block <dl_parser>. This FF/Latch will be trimmed during the optimization process.
WARNING:Xst:1895 - Due to other FF/Latch trimming, FF/Latch <ip_tp_parse_cnt_10> (without init value) has a constant value of 0 in block <dl_parser>. This FF/Latch will be trimmed during the optimization process.
WARNING:Xst:1895 - Due to other FF/Latch trimming, FF/Latch <ip_tp_parse_cnt_9> (without init value) has a constant value of 0 in block <dl_parser>. This FF/Latch will be trimmed during the optimization process.
WARNING:Xst:1895 - Due to other FF/Latch trimming, FF/Latch <ip_tp_parse_cnt_8> (without init value) has a constant value of 0 in block <dl_parser>. This FF/Latch will be trimmed during the optimization process.
WARNING:Xst:1895 - Due to other FF/Latch trimming, FF/Latch <ip_tp_parse_cnt_7> (without init value) has a constant value of 0 in block <dl_parser>. This FF/Latch will be trimmed during the optimization process.
WARNING:Xst:1895 - Due to other FF/Latch trimming, FF/Latch <ip_tp_parse_cnt_6> (without init value) has a constant value of 0 in block <dl_parser>. This FF/Latch will be trimmed during the optimization process.
WARNING:Xst:1895 - Due to other FF/Latch trimming, FF/Latch <ip_tp_parse_cnt_5> (without init value) has a constant value of 0 in block <dl_parser>. This FF/Latch will be trimmed during the optimization process.
WARNING:Xst:1895 - Due to other FF/Latch trimming, FF/Latch <ip_tp_parse_cnt_4> (without init value) has a constant value of 0 in block <dl_parser>. This FF/Latch will be trimmed during the optimization process.
WARNING:Xst:1895 - Due to other FF/Latch trimming, FF/Latch <ip_tp_parse_cnt_3> (without init value) has a constant value of 0 in block <dl_parser>. This FF/Latch will be trimmed during the optimization process.
WARNING:Xst:1895 - Due to other FF/Latch trimming, FF/Latch <ip_tp_parse_cnt_2> (without init value) has a constant value of 0 in block <dl_parser>. This FF/Latch will be trimmed during the optimization process.
WARNING:Xst:1895 - Due to other FF/Latch trimming, FF/Latch <ip_tp_parse_cnt_1> (without init value) has a constant value of 0 in block <dl_parser>. This FF/Latch will be trimmed during the optimization process.
WARNING:Xst:1895 - Due to other FF/Latch trimming, FF/Latch <ip_tp_parse_cnt_0> (without init value) has a constant value of 0 in block <dl_parser>. This FF/Latch will be trimmed during the optimization process.
WARNING:Xst:1895 - Due to other FF/Latch trimming, FF/Latch <dl_parse_cnt_15> (without init value) has a constant value of 0 in block <dl_parser>. This FF/Latch will be trimmed during the optimization process.
WARNING:Xst:1895 - Due to other FF/Latch trimming, FF/Latch <dl_parse_cnt_14> (without init value) has a constant value of 0 in block <dl_parser>. This FF/Latch will be trimmed during the optimization process.
WARNING:Xst:1895 - Due to other FF/Latch trimming, FF/Latch <dl_parse_cnt_13> (without init value) has a constant value of 0 in block <dl_parser>. This FF/Latch will be trimmed during the optimization process.
WARNING:Xst:1895 - Due to other FF/Latch trimming, FF/Latch <dl_parse_cnt_12> (without init value) has a constant value of 0 in block <dl_parser>. This FF/Latch will be trimmed during the optimization process.
WARNING:Xst:1895 - Due to other FF/Latch trimming, FF/Latch <dl_parse_cnt_11> (without init value) has a constant value of 0 in block <dl_parser>. This FF/Latch will be trimmed during the optimization process.
WARNING:Xst:1895 - Due to other FF/Latch trimming, FF/Latch <dl_parse_cnt_10> (without init value) has a constant value of 0 in block <dl_parser>. This FF/Latch will be trimmed during the optimization process.
WARNING:Xst:1895 - Due to other FF/Latch trimming, FF/Latch <dl_parse_cnt_9> (without init value) has a constant value of 0 in block <dl_parser>. This FF/Latch will be trimmed during the optimization process.
WARNING:Xst:1895 - Due to other FF/Latch trimming, FF/Latch <dl_parse_cnt_8> (without init value) has a constant value of 0 in block <dl_parser>. This FF/Latch will be trimmed during the optimization process.
WARNING:Xst:1895 - Due to other FF/Latch trimming, FF/Latch <dl_parse_cnt_7> (without init value) has a constant value of 0 in block <dl_parser>. This FF/Latch will be trimmed during the optimization process.
WARNING:Xst:1895 - Due to other FF/Latch trimming, FF/Latch <dl_parse_cnt_6> (without init value) has a constant value of 0 in block <dl_parser>. This FF/Latch will be trimmed during the optimization process.
WARNING:Xst:1895 - Due to other FF/Latch trimming, FF/Latch <dl_parse_cnt_5> (without init value) has a constant value of 0 in block <dl_parser>. This FF/Latch will be trimmed during the optimization process.
WARNING:Xst:1895 - Due to other FF/Latch trimming, FF/Latch <dl_parse_cnt_4> (without init value) has a constant value of 0 in block <dl_parser>. This FF/Latch will be trimmed during the optimization process.
WARNING:Xst:1895 - Due to other FF/Latch trimming, FF/Latch <dl_parse_cnt_3> (without init value) has a constant value of 0 in block <dl_parser>. This FF/Latch will be trimmed during the optimization process.
WARNING:Xst:1895 - Due to other FF/Latch trimming, FF/Latch <dl_parse_cnt_2> (without init value) has a constant value of 0 in block <dl_parser>. This FF/Latch will be trimmed during the optimization process.
WARNING:Xst:1895 - Due to other FF/Latch trimming, FF/Latch <dl_parse_cnt_1> (without init value) has a constant value of 0 in block <dl_parser>. This FF/Latch will be trimmed during the optimization process.
WARNING:Xst:1895 - Due to other FF/Latch trimming, FF/Latch <dl_parse_cnt_0> (without init value) has a constant value of 0 in block <dl_parser>. This FF/Latch will be trimmed during the optimization process.
WARNING:Xst:1895 - Due to other FF/Latch trimming, FF/Latch <ip_tp_parse_cnt_31> (without init value) has a constant value of 0 in block <dl_parser>. This FF/Latch will be trimmed during the optimization process.
WARNING:Xst:1895 - Due to other FF/Latch trimming, FF/Latch <ip_tp_parse_cnt_30> (without init value) has a constant value of 0 in block <dl_parser>. This FF/Latch will be trimmed during the optimization process.
WARNING:Xst:1895 - Due to other FF/Latch trimming, FF/Latch <ip_tp_parse_cnt_29> (without init value) has a constant value of 0 in block <dl_parser>. This FF/Latch will be trimmed during the optimization process.
WARNING:Xst:1895 - Due to other FF/Latch trimming, FF/Latch <ip_tp_parse_cnt_28> (without init value) has a constant value of 0 in block <dl_parser>. This FF/Latch will be trimmed during the optimization process.
WARNING:Xst:1895 - Due to other FF/Latch trimming, FF/Latch <ip_tp_parse_cnt_27> (without init value) has a constant value of 0 in block <dl_parser>. This FF/Latch will be trimmed during the optimization process.
WARNING:Xst:1895 - Due to other FF/Latch trimming, FF/Latch <ip_tp_parse_cnt_26> (without init value) has a constant value of 0 in block <dl_parser>. This FF/Latch will be trimmed during the optimization process.
WARNING:Xst:1895 - Due to other FF/Latch trimming, FF/Latch <ip_tp_parse_cnt_25> (without init value) has a constant value of 0 in block <dl_parser>. This FF/Latch will be trimmed during the optimization process.
WARNING:Xst:1895 - Due to other FF/Latch trimming, FF/Latch <ip_tp_parse_cnt_24> (without init value) has a constant value of 0 in block <dl_parser>. This FF/Latch will be trimmed during the optimization process.

=========================================================================
Advanced HDL Synthesis Report

Macro Statistics
# Registers                                            : 96
 Flip-Flops                                            : 96
# Multiplexers                                         : 2
 1-bit 2-to-1 multiplexer                              : 2
# FSMs                                                 : 1

=========================================================================

=========================================================================
*                         Low Level Synthesis                           *
=========================================================================
WARNING:Xst:1710 - FF/Latch <arp_parse_cnt_7> (without init value) has a constant value of 0 in block <dl_parser>. This FF/Latch will be trimmed during the optimization process.
WARNING:Xst:1895 - Due to other FF/Latch trimming, FF/Latch <arp_parse_cnt_6> (without init value) has a constant value of 0 in block <dl_parser>. This FF/Latch will be trimmed during the optimization process.
WARNING:Xst:1895 - Due to other FF/Latch trimming, FF/Latch <arp_parse_cnt_5> (without init value) has a constant value of 0 in block <dl_parser>. This FF/Latch will be trimmed during the optimization process.
WARNING:Xst:1895 - Due to other FF/Latch trimming, FF/Latch <arp_parse_cnt_4> (without init value) has a constant value of 0 in block <dl_parser>. This FF/Latch will be trimmed during the optimization process.
WARNING:Xst:1895 - Due to other FF/Latch trimming, FF/Latch <arp_parse_cnt_3> (without init value) has a constant value of 0 in block <dl_parser>. This FF/Latch will be trimmed during the optimization process.
WARNING:Xst:1895 - Due to other FF/Latch trimming, FF/Latch <arp_parse_cnt_2> (without init value) has a constant value of 0 in block <dl_parser>. This FF/Latch will be trimmed during the optimization process.
WARNING:Xst:1895 - Due to other FF/Latch trimming, FF/Latch <arp_parse_cnt_1> (without init value) has a constant value of 0 in block <dl_parser>. This FF/Latch will be trimmed during the optimization process.
WARNING:Xst:1895 - Due to other FF/Latch trimming, FF/Latch <arp_parse_cnt_0> (without init value) has a constant value of 0 in block <dl_parser>. This FF/Latch will be trimmed during the optimization process.
WARNING:Xst:1895 - Due to other FF/Latch trimming, FF/Latch <dl_parse_cnt_31> (without init value) has a constant value of 0 in block <dl_parser>. This FF/Latch will be trimmed during the optimization process.
WARNING:Xst:1895 - Due to other FF/Latch trimming, FF/Latch <dl_parse_cnt_30> (without init value) has a constant value of 0 in block <dl_parser>. This FF/Latch will be trimmed during the optimization process.
WARNING:Xst:1895 - Due to other FF/Latch trimming, FF/Latch <dl_parse_cnt_29> (without init value) has a constant value of 0 in block <dl_parser>. This FF/Latch will be trimmed during the optimization process.
WARNING:Xst:1895 - Due to other FF/Latch trimming, FF/Latch <dl_parse_cnt_28> (without init value) has a constant value of 0 in block <dl_parser>. This FF/Latch will be trimmed during the optimization process.
WARNING:Xst:1895 - Due to other FF/Latch trimming, FF/Latch <dl_parse_cnt_27> (without init value) has a constant value of 0 in block <dl_parser>. This FF/Latch will be trimmed during the optimization process.
WARNING:Xst:1895 - Due to other FF/Latch trimming, FF/Latch <dl_parse_cnt_26> (without init value) has a constant value of 0 in block <dl_parser>. This FF/Latch will be trimmed during the optimization process.
WARNING:Xst:1895 - Due to other FF/Latch trimming, FF/Latch <dl_parse_cnt_25> (without init value) has a constant value of 0 in block <dl_parser>. This FF/Latch will be trimmed during the optimization process.
WARNING:Xst:1895 - Due to other FF/Latch trimming, FF/Latch <dl_parse_cnt_24> (without init value) has a constant value of 0 in block <dl_parser>. This FF/Latch will be trimmed during the optimization process.
WARNING:Xst:1895 - Due to other FF/Latch trimming, FF/Latch <dl_parse_cnt_23> (without init value) has a constant value of 0 in block <dl_parser>. This FF/Latch will be trimmed during the optimization process.
WARNING:Xst:1895 - Due to other FF/Latch trimming, FF/Latch <dl_parse_cnt_22> (without init value) has a constant value of 0 in block <dl_parser>. This FF/Latch will be trimmed during the optimization process.
WARNING:Xst:1895 - Due to other FF/Latch trimming, FF/Latch <dl_parse_cnt_21> (without init value) has a constant value of 0 in block <dl_parser>. This FF/Latch will be trimmed during the optimization process.
WARNING:Xst:1895 - Due to other FF/Latch trimming, FF/Latch <dl_parse_cnt_20> (without init value) has a constant value of 0 in block <dl_parser>. This FF/Latch will be trimmed during the optimization process.
WARNING:Xst:1895 - Due to other FF/Latch trimming, FF/Latch <dl_parse_cnt_19> (without init value) has a constant value of 0 in block <dl_parser>. This FF/Latch will be trimmed during the optimization process.
WARNING:Xst:1895 - Due to other FF/Latch trimming, FF/Latch <dl_parse_cnt_18> (without init value) has a constant value of 0 in block <dl_parser>. This FF/Latch will be trimmed during the optimization process.
WARNING:Xst:1895 - Due to other FF/Latch trimming, FF/Latch <dl_parse_cnt_17> (without init value) has a constant value of 0 in block <dl_parser>. This FF/Latch will be trimmed during the optimization process.
WARNING:Xst:1895 - Due to other FF/Latch trimming, FF/Latch <dl_parse_cnt_16> (without init value) has a constant value of 0 in block <dl_parser>. This FF/Latch will be trimmed during the optimization process.
WARNING:Xst:1895 - Due to other FF/Latch trimming, FF/Latch <arp_parse_cnt_31> (without init value) has a constant value of 0 in block <dl_parser>. This FF/Latch will be trimmed during the optimization process.
WARNING:Xst:1895 - Due to other FF/Latch trimming, FF/Latch <arp_parse_cnt_30> (without init value) has a constant value of 0 in block <dl_parser>. This FF/Latch will be trimmed during the optimization process.
WARNING:Xst:1895 - Due to other FF/Latch trimming, FF/Latch <arp_parse_cnt_29> (without init value) has a constant value of 0 in block <dl_parser>. This FF/Latch will be trimmed during the optimization process.
WARNING:Xst:1895 - Due to other FF/Latch trimming, FF/Latch <arp_parse_cnt_28> (without init value) has a constant value of 0 in block <dl_parser>. This FF/Latch will be trimmed during the optimization process.
WARNING:Xst:1895 - Due to other FF/Latch trimming, FF/Latch <arp_parse_cnt_27> (without init value) has a constant value of 0 in block <dl_parser>. This FF/Latch will be trimmed during the optimization process.
WARNING:Xst:1895 - Due to other FF/Latch trimming, FF/Latch <arp_parse_cnt_26> (without init value) has a constant value of 0 in block <dl_parser>. This FF/Latch will be trimmed during the optimization process.
WARNING:Xst:1895 - Due to other FF/Latch trimming, FF/Latch <arp_parse_cnt_25> (without init value) has a constant value of 0 in block <dl_parser>. This FF/Latch will be trimmed during the optimization process.
WARNING:Xst:1895 - Due to other FF/Latch trimming, FF/Latch <arp_parse_cnt_24> (without init value) has a constant value of 0 in block <dl_parser>. This FF/Latch will be trimmed during the optimization process.
WARNING:Xst:1895 - Due to other FF/Latch trimming, FF/Latch <arp_parse_cnt_23> (without init value) has a constant value of 0 in block <dl_parser>. This FF/Latch will be trimmed during the optimization process.
WARNING:Xst:1895 - Due to other FF/Latch trimming, FF/Latch <arp_parse_cnt_22> (without init value) has a constant value of 0 in block <dl_parser>. This FF/Latch will be trimmed during the optimization process.
WARNING:Xst:1895 - Due to other FF/Latch trimming, FF/Latch <arp_parse_cnt_21> (without init value) has a constant value of 0 in block <dl_parser>. This FF/Latch will be trimmed during the optimization process.
WARNING:Xst:1895 - Due to other FF/Latch trimming, FF/Latch <arp_parse_cnt_20> (without init value) has a constant value of 0 in block <dl_parser>. This FF/Latch will be trimmed during the optimization process.
WARNING:Xst:1895 - Due to other FF/Latch trimming, FF/Latch <arp_parse_cnt_19> (without init value) has a constant value of 0 in block <dl_parser>. This FF/Latch will be trimmed during the optimization process.
WARNING:Xst:1895 - Due to other FF/Latch trimming, FF/Latch <arp_parse_cnt_18> (without init value) has a constant value of 0 in block <dl_parser>. This FF/Latch will be trimmed during the optimization process.
WARNING:Xst:1895 - Due to other FF/Latch trimming, FF/Latch <arp_parse_cnt_17> (without init value) has a constant value of 0 in block <dl_parser>. This FF/Latch will be trimmed during the optimization process.
WARNING:Xst:1895 - Due to other FF/Latch trimming, FF/Latch <arp_parse_cnt_16> (without init value) has a constant value of 0 in block <dl_parser>. This FF/Latch will be trimmed during the optimization process.
WARNING:Xst:1895 - Due to other FF/Latch trimming, FF/Latch <arp_parse_cnt_15> (without init value) has a constant value of 0 in block <dl_parser>. This FF/Latch will be trimmed during the optimization process.
WARNING:Xst:1895 - Due to other FF/Latch trimming, FF/Latch <arp_parse_cnt_14> (without init value) has a constant value of 0 in block <dl_parser>. This FF/Latch will be trimmed during the optimization process.
WARNING:Xst:1895 - Due to other FF/Latch trimming, FF/Latch <arp_parse_cnt_13> (without init value) has a constant value of 0 in block <dl_parser>. This FF/Latch will be trimmed during the optimization process.
WARNING:Xst:1895 - Due to other FF/Latch trimming, FF/Latch <arp_parse_cnt_12> (without init value) has a constant value of 0 in block <dl_parser>. This FF/Latch will be trimmed during the optimization process.
WARNING:Xst:1895 - Due to other FF/Latch trimming, FF/Latch <arp_parse_cnt_11> (without init value) has a constant value of 0 in block <dl_parser>. This FF/Latch will be trimmed during the optimization process.
WARNING:Xst:1895 - Due to other FF/Latch trimming, FF/Latch <arp_parse_cnt_10> (without init value) has a constant value of 0 in block <dl_parser>. This FF/Latch will be trimmed during the optimization process.
WARNING:Xst:1895 - Due to other FF/Latch trimming, FF/Latch <arp_parse_cnt_9> (without init value) has a constant value of 0 in block <dl_parser>. This FF/Latch will be trimmed during the optimization process.
WARNING:Xst:1895 - Due to other FF/Latch trimming, FF/Latch <arp_parse_cnt_8> (without init value) has a constant value of 0 in block <dl_parser>. This FF/Latch will be trimmed during the optimization process.
WARNING:Xst:1895 - Due to other FF/Latch trimming, FF/Latch <ip_tp_parse_cnt_23> (without init value) has a constant value of 0 in block <dl_parser>. This FF/Latch will be trimmed during the optimization process.
WARNING:Xst:1895 - Due to other FF/Latch trimming, FF/Latch <ip_tp_parse_cnt_22> (without init value) has a constant value of 0 in block <dl_parser>. This FF/Latch will be trimmed during the optimization process.
WARNING:Xst:1895 - Due to other FF/Latch trimming, FF/Latch <ip_tp_parse_cnt_21> (without init value) has a constant value of 0 in block <dl_parser>. This FF/Latch will be trimmed during the optimization process.
WARNING:Xst:1895 - Due to other FF/Latch trimming, FF/Latch <ip_tp_parse_cnt_20> (without init value) has a constant value of 0 in block <dl_parser>. This FF/Latch will be trimmed during the optimization process.
WARNING:Xst:1895 - Due to other FF/Latch trimming, FF/Latch <ip_tp_parse_cnt_19> (without init value) has a constant value of 0 in block <dl_parser>. This FF/Latch will be trimmed during the optimization process.
WARNING:Xst:1895 - Due to other FF/Latch trimming, FF/Latch <ip_tp_parse_cnt_18> (without init value) has a constant value of 0 in block <dl_parser>. This FF/Latch will be trimmed during the optimization process.
WARNING:Xst:1895 - Due to other FF/Latch trimming, FF/Latch <ip_tp_parse_cnt_17> (without init value) has a constant value of 0 in block <dl_parser>. This FF/Latch will be trimmed during the optimization process.
WARNING:Xst:1895 - Due to other FF/Latch trimming, FF/Latch <ip_tp_parse_cnt_16> (without init value) has a constant value of 0 in block <dl_parser>. This FF/Latch will be trimmed during the optimization process.
WARNING:Xst:1895 - Due to other FF/Latch trimming, FF/Latch <ip_tp_parse_cnt_15> (without init value) has a constant value of 0 in block <dl_parser>. This FF/Latch will be trimmed during the optimization process.
WARNING:Xst:1895 - Due to other FF/Latch trimming, FF/Latch <ip_tp_parse_cnt_14> (without init value) has a constant value of 0 in block <dl_parser>. This FF/Latch will be trimmed during the optimization process.
WARNING:Xst:1895 - Due to other FF/Latch trimming, FF/Latch <ip_tp_parse_cnt_13> (without init value) has a constant value of 0 in block <dl_parser>. This FF/Latch will be trimmed during the optimization process.
WARNING:Xst:1895 - Due to other FF/Latch trimming, FF/Latch <ip_tp_parse_cnt_12> (without init value) has a constant value of 0 in block <dl_parser>. This FF/Latch will be trimmed during the optimization process.
WARNING:Xst:1895 - Due to other FF/Latch trimming, FF/Latch <ip_tp_parse_cnt_11> (without init value) has a constant value of 0 in block <dl_parser>. This FF/Latch will be trimmed during the optimization process.
WARNING:Xst:1895 - Due to other FF/Latch trimming, FF/Latch <ip_tp_parse_cnt_10> (without init value) has a constant value of 0 in block <dl_parser>. This FF/Latch will be trimmed during the optimization process.
WARNING:Xst:1895 - Due to other FF/Latch trimming, FF/Latch <ip_tp_parse_cnt_9> (without init value) has a constant value of 0 in block <dl_parser>. This FF/Latch will be trimmed during the optimization process.
WARNING:Xst:1895 - Due to other FF/Latch trimming, FF/Latch <ip_tp_parse_cnt_8> (without init value) has a constant value of 0 in block <dl_parser>. This FF/Latch will be trimmed during the optimization process.
WARNING:Xst:1895 - Due to other FF/Latch trimming, FF/Latch <ip_tp_parse_cnt_7> (without init value) has a constant value of 0 in block <dl_parser>. This FF/Latch will be trimmed during the optimization process.
WARNING:Xst:1895 - Due to other FF/Latch trimming, FF/Latch <ip_tp_parse_cnt_6> (without init value) has a constant value of 0 in block <dl_parser>. This FF/Latch will be trimmed during the optimization process.
WARNING:Xst:1895 - Due to other FF/Latch trimming, FF/Latch <ip_tp_parse_cnt_5> (without init value) has a constant value of 0 in block <dl_parser>. This FF/Latch will be trimmed during the optimization process.
WARNING:Xst:1895 - Due to other FF/Latch trimming, FF/Latch <ip_tp_parse_cnt_4> (without init value) has a constant value of 0 in block <dl_parser>. This FF/Latch will be trimmed during the optimization process.
WARNING:Xst:1895 - Due to other FF/Latch trimming, FF/Latch <ip_tp_parse_cnt_3> (without init value) has a constant value of 0 in block <dl_parser>. This FF/Latch will be trimmed during the optimization process.
WARNING:Xst:1895 - Due to other FF/Latch trimming, FF/Latch <ip_tp_parse_cnt_2> (without init value) has a constant value of 0 in block <dl_parser>. This FF/Latch will be trimmed during the optimization process.
WARNING:Xst:1895 - Due to other FF/Latch trimming, FF/Latch <ip_tp_parse_cnt_1> (without init value) has a constant value of 0 in block <dl_parser>. This FF/Latch will be trimmed during the optimization process.
WARNING:Xst:1895 - Due to other FF/Latch trimming, FF/Latch <ip_tp_parse_cnt_0> (without init value) has a constant value of 0 in block <dl_parser>. This FF/Latch will be trimmed during the optimization process.
WARNING:Xst:1895 - Due to other FF/Latch trimming, FF/Latch <dl_parse_cnt_15> (without init value) has a constant value of 0 in block <dl_parser>. This FF/Latch will be trimmed during the optimization process.
WARNING:Xst:1895 - Due to other FF/Latch trimming, FF/Latch <dl_parse_cnt_14> (without init value) has a constant value of 0 in block <dl_parser>. This FF/Latch will be trimmed during the optimization process.
WARNING:Xst:1895 - Due to other FF/Latch trimming, FF/Latch <dl_parse_cnt_13> (without init value) has a constant value of 0 in block <dl_parser>. This FF/Latch will be trimmed during the optimization process.
WARNING:Xst:1895 - Due to other FF/Latch trimming, FF/Latch <dl_parse_cnt_12> (without init value) has a constant value of 0 in block <dl_parser>. This FF/Latch will be trimmed during the optimization process.
WARNING:Xst:1895 - Due to other FF/Latch trimming, FF/Latch <dl_parse_cnt_11> (without init value) has a constant value of 0 in block <dl_parser>. This FF/Latch will be trimmed during the optimization process.
WARNING:Xst:1895 - Due to other FF/Latch trimming, FF/Latch <dl_parse_cnt_10> (without init value) has a constant value of 0 in block <dl_parser>. This FF/Latch will be trimmed during the optimization process.
WARNING:Xst:1895 - Due to other FF/Latch trimming, FF/Latch <dl_parse_cnt_9> (without init value) has a constant value of 0 in block <dl_parser>. This FF/Latch will be trimmed during the optimization process.
WARNING:Xst:1895 - Due to other FF/Latch trimming, FF/Latch <dl_parse_cnt_8> (without init value) has a constant value of 0 in block <dl_parser>. This FF/Latch will be trimmed during the optimization process.
WARNING:Xst:1895 - Due to other FF/Latch trimming, FF/Latch <dl_parse_cnt_7> (without init value) has a constant value of 0 in block <dl_parser>. This FF/Latch will be trimmed during the optimization process.
WARNING:Xst:1895 - Due to other FF/Latch trimming, FF/Latch <dl_parse_cnt_6> (without init value) has a constant value of 0 in block <dl_parser>. This FF/Latch will be trimmed during the optimization process.
WARNING:Xst:1895 - Due to other FF/Latch trimming, FF/Latch <dl_parse_cnt_5> (without init value) has a constant value of 0 in block <dl_parser>. This FF/Latch will be trimmed during the optimization process.
WARNING:Xst:1895 - Due to other FF/Latch trimming, FF/Latch <dl_parse_cnt_4> (without init value) has a constant value of 0 in block <dl_parser>. This FF/Latch will be trimmed during the optimization process.
WARNING:Xst:1895 - Due to other FF/Latch trimming, FF/Latch <dl_parse_cnt_3> (without init value) has a constant value of 0 in block <dl_parser>. This FF/Latch will be trimmed during the optimization process.
WARNING:Xst:1895 - Due to other FF/Latch trimming, FF/Latch <dl_parse_cnt_2> (without init value) has a constant value of 0 in block <dl_parser>. This FF/Latch will be trimmed during the optimization process.
WARNING:Xst:1895 - Due to other FF/Latch trimming, FF/Latch <dl_parse_cnt_1> (without init value) has a constant value of 0 in block <dl_parser>. This FF/Latch will be trimmed during the optimization process.
WARNING:Xst:1895 - Due to other FF/Latch trimming, FF/Latch <dl_parse_cnt_0> (without init value) has a constant value of 0 in block <dl_parser>. This FF/Latch will be trimmed during the optimization process.
WARNING:Xst:1895 - Due to other FF/Latch trimming, FF/Latch <ip_tp_parse_cnt_31> (without init value) has a constant value of 0 in block <dl_parser>. This FF/Latch will be trimmed during the optimization process.
WARNING:Xst:1895 - Due to other FF/Latch trimming, FF/Latch <ip_tp_parse_cnt_30> (without init value) has a constant value of 0 in block <dl_parser>. This FF/Latch will be trimmed during the optimization process.
WARNING:Xst:1895 - Due to other FF/Latch trimming, FF/Latch <ip_tp_parse_cnt_29> (without init value) has a constant value of 0 in block <dl_parser>. This FF/Latch will be trimmed during the optimization process.
WARNING:Xst:1895 - Due to other FF/Latch trimming, FF/Latch <ip_tp_parse_cnt_28> (without init value) has a constant value of 0 in block <dl_parser>. This FF/Latch will be trimmed during the optimization process.
WARNING:Xst:1895 - Due to other FF/Latch trimming, FF/Latch <ip_tp_parse_cnt_27> (without init value) has a constant value of 0 in block <dl_parser>. This FF/Latch will be trimmed during the optimization process.
WARNING:Xst:1895 - Due to other FF/Latch trimming, FF/Latch <ip_tp_parse_cnt_26> (without init value) has a constant value of 0 in block <dl_parser>. This FF/Latch will be trimmed during the optimization process.
WARNING:Xst:1895 - Due to other FF/Latch trimming, FF/Latch <ip_tp_parse_cnt_25> (without init value) has a constant value of 0 in block <dl_parser>. This FF/Latch will be trimmed during the optimization process.
WARNING:Xst:1895 - Due to other FF/Latch trimming, FF/Latch <ip_tp_parse_cnt_24> (without init value) has a constant value of 0 in block <dl_parser>. This FF/Latch will be trimmed during the optimization process.
Analyzing FSM <MFsm> for best encoding.
Optimizing FSM <FSM_0> on signal <dt_rd_state[1:2]> with gray encoding.
-------------------
 State | Encoding
-------------------
 001   | 00
 010   | 01
 100   | 11
-------------------

Optimizing unit <dl_parser> ...

Mapping all equations...
Building and optimizing final netlist ...
Found area constraint ratio of 100 (+ 5) on block dl_parser, actual ratio is 0.

Final Macro Processing ...

=========================================================================
Final Register Report

Macro Statistics
# Registers                                            : 2
 Flip-Flops                                            : 2

=========================================================================

=========================================================================
*                           Partition Report                            *
=========================================================================

Partition Implementation Status
-------------------------------

  No Partitions were found in this design.

-------------------------------

=========================================================================
*                            Design Summary                             *
=========================================================================

Top Level Output File Name         : dl_parser.ngc

Primitive and Black Box Usage:
------------------------------
# BELS                             : 6
#      GND                         : 1
#      INV                         : 1
#      LUT2                        : 2
#      LUT3                        : 1
#      LUT4                        : 1
# FlipFlops/Latches                : 2
#      FDR                         : 2
# Clock Buffers                    : 1
#      BUFGP                       : 1
# IO Buffers                       : 104
#      IBUF                        : 3
#      OBUF                        : 101

Device utilization summary:
---------------------------

Selected Device : 7k325tffg676-1 


Slice Logic Utilization: 
 Number of Slice Registers:               2  out of  407600     0%  
 Number of Slice LUTs:                    5  out of  203800     0%  
    Number used as Logic:                 5  out of  203800     0%  

Slice Logic Distribution: 
 Number of LUT Flip Flop pairs used:      7
   Number with an unused Flip Flop:       5  out of      7    71%  
   Number with an unused LUT:             2  out of      7    28%  
   Number of fully used LUT-FF pairs:     0  out of      7     0%  
   Number of unique control sets:         1

IO Utilization: 
 Number of IOs:                         506
 Number of bonded IOBs:                 105  out of    400    26%  

Specific Feature Utilization:
 Number of BUFG/BUFGCTRLs:                1  out of     32     3%  

---------------------------
Partition Resource Summary:
---------------------------

  No Partitions were found in this design.

---------------------------


=========================================================================
Timing Report

NOTE: THESE TIMING NUMBERS ARE ONLY A SYNTHESIS ESTIMATE.
      FOR ACCURATE TIMING INFORMATION PLEASE REFER TO THE TRACE REPORT
      GENERATED AFTER PLACE-and-ROUTE.

Clock Information:
------------------
-----------------------------------+------------------------+-------+
Clock Signal                       | Clock buffer(FF name)  | Load  |
-----------------------------------+------------------------+-------+
asclk                              | BUFGP                  | 2     |
-----------------------------------+------------------------+-------+

Asynchronous Control Signals Information:
----------------------------------------
No asynchronous control signals found in this design

Timing Summary:
---------------
Speed Grade: -1

   Minimum period: 0.845ns (Maximum Frequency: 1183.432MHz)
   Minimum input arrival time before clock: 1.196ns
   Maximum output required time after clock: 1.233ns
   Maximum combinational path delay: 0.885ns

Timing Details:
---------------
All values displayed in nanoseconds (ns)

=========================================================================
Timing constraint: Default period analysis for Clock 'asclk'
  Clock period: 0.845ns (frequency: 1183.432MHz)
  Total number of paths / destination ports: 4 / 2
-------------------------------------------------------------------------
Delay:               0.845ns (Levels of Logic = 1)
  Source:            dt_rd_state_FSM_FFd1 (FF)
  Destination:       dt_rd_state_FSM_FFd2 (FF)
  Source Clock:      asclk rising
  Destination Clock: asclk rising

  Data Path: dt_rd_state_FSM_FFd1 to dt_rd_state_FSM_FFd2
                                Gate     Net
    Cell:in->out      fanout   Delay   Delay  Logical Name (Net Name)
    ----------------------------------------  ------------
     FDR:C->Q              3   0.282   0.499  dt_rd_state_FSM_FFd1 (dt_rd_state_FSM_FFd1)
     LUT3:I1->O            1   0.053   0.000  dt_rd_state_FSM_FFd2-In1 (dt_rd_state_FSM_FFd2-In)
     FDR:D                     0.011          dt_rd_state_FSM_FFd2
    ----------------------------------------
    Total                      0.845ns (0.346ns logic, 0.499ns route)
                                       (40.9% logic, 59.1% route)

=========================================================================
Timing constraint: Default OFFSET IN BEFORE for Clock 'asclk'
  Total number of paths / destination ports: 5 / 4
-------------------------------------------------------------------------
Offset:              1.196ns (Levels of Logic = 2)
  Source:            aresetn (PAD)
  Destination:       dt_rd_state_FSM_FFd2 (FF)
  Destination Clock: asclk rising

  Data Path: aresetn to dt_rd_state_FSM_FFd2
                                Gate     Net
    Cell:in->out      fanout   Delay   Delay  Logical Name (Net Name)
    ----------------------------------------  ------------
     IBUF:I->O             1   0.000   0.399  aresetn_IBUF (aresetn_IBUF)
     INV:I->O              2   0.067   0.405  aresetn_inv1_INV_0 (aresetn_inv)
     FDR:R                     0.325          dt_rd_state_FSM_FFd2
    ----------------------------------------
    Total                      1.196ns (0.392ns logic, 0.804ns route)
                                       (32.8% logic, 67.2% route)

=========================================================================
Timing constraint: Default OFFSET OUT AFTER for Clock 'asclk'
  Total number of paths / destination ports: 2 / 2
-------------------------------------------------------------------------
Offset:              1.233ns (Levels of Logic = 2)
  Source:            dt_rd_state_FSM_FFd1 (FF)
  Destination:       fifo_rd_en (PAD)
  Source Clock:      asclk rising

  Data Path: dt_rd_state_FSM_FFd1 to fifo_rd_en
                                Gate     Net
    Cell:in->out      fanout   Delay   Delay  Logical Name (Net Name)
    ----------------------------------------  ------------
     FDR:C->Q              3   0.282   0.499  dt_rd_state_FSM_FFd1 (dt_rd_state_FSM_FFd1)
     LUT2:I0->O            1   0.053   0.399  Mmux_fifo_rd_en11 (fifo_rd_en_OBUF)
     OBUF:I->O                 0.000          fifo_rd_en_OBUF (fifo_rd_en)
    ----------------------------------------
    Total                      1.233ns (0.335ns logic, 0.898ns route)
                                       (27.2% logic, 72.8% route)

=========================================================================
Timing constraint: Default path analysis
  Total number of paths / destination ports: 2 / 2
-------------------------------------------------------------------------
Delay:               0.885ns (Levels of Logic = 3)
  Source:            fifo_empty (PAD)
  Destination:       fifo_rd_en (PAD)

  Data Path: fifo_empty to fifo_rd_en
                                Gate     Net
    Cell:in->out      fanout   Delay   Delay  Logical Name (Net Name)
    ----------------------------------------  ------------
     IBUF:I->O             4   0.000   0.433  fifo_empty_IBUF (fifo_empty_IBUF)
     LUT2:I1->O            1   0.053   0.399  Mmux_tx_user_rd_en11 (tx_user_rd_en_OBUF)
     OBUF:I->O                 0.000          tx_user_rd_en_OBUF (tx_user_rd_en)
    ----------------------------------------
    Total                      0.885ns (0.053ns logic, 0.832ns route)
                                       (6.0% logic, 94.0% route)

=========================================================================

Cross Clock Domains Report:
--------------------------

Clock to Setup on destination clock asclk
---------------+---------+---------+---------+---------+
               | Src:Rise| Src:Fall| Src:Rise| Src:Fall|
Source Clock   |Dest:Rise|Dest:Rise|Dest:Fall|Dest:Fall|
---------------+---------+---------+---------+---------+
asclk          |    0.845|         |         |         |
---------------+---------+---------+---------+---------+

=========================================================================


Total REAL time to Xst completion: 7.00 secs
Total CPU time to Xst completion: 6.59 secs
 
--> 


Total memory usage is 610552 kilobytes

Number of errors   :    0 (   0 filtered)
Number of warnings :  202 (   0 filtered)
Number of infos    :    0 (   0 filtered)

